# JRE version: Java(TM) SE Runtime Environment (8.0_45-b14) (build 1.8.0_45-b14)
# Java VM: Java HotSpot(TM) 64-Bit Server VM (25.45-b02 mixed mode linux-amd64 compressed oops)
Heap:
 PSYoungGen      total 208896K, used 2304K [0x00000000ebc00000, 0x00000000f8d80000, 0x0000000100000000)
  eden space 203264K, 0% used [0x00000000ebc00000,0x00000000ebc00000,0x00000000f8280000)
  from space 5632K, 40% used [0x00000000f8280000,0x00000000f84c0000,0x00000000f8800000)
  to   space 5632K, 0% used [0x00000000f8800000,0x00000000f8800000,0x00000000f8d80000)
 ParOldGen       total 42496K, used 14534K [0x00000000c3400000, 0x00000000c5d80000, 0x00000000ebc00000)
  object space 42496K, 34% used [0x00000000c3400000,0x00000000c4231960,0x00000000c5d80000)
 Metaspace       used 8260K, capacity 8376K, committed 8448K, reserved 1056768K
  class space    used 906K, capacity 963K, committed 1024K, reserved 1048576K
GC Heap History (10 events):
Event: 2,492 GC heap after
Heap after GC invocations=6 (full 0):
 PSYoungGen      total 68096K, used 3136K [0x00000000ebc00000, 0x00000000f0400000, 0x0000000100000000)
  eden space 63488K, 0% used [0x00000000ebc00000,0x00000000ebc00000,0x00000000efa00000)
  from space 4608K, 68% used [0x00000000eff80000,0x00000000f0290020,0x00000000f0400000)
  to   space 5120K, 0% used [0x00000000efa00000,0x00000000efa00000,0x00000000eff00000)
 ParOldGen       total 42496K, used 4734K [0x00000000c3400000, 0x00000000c5d80000, 0x00000000ebc00000)
  object space 42496K, 11% used [0x00000000c3400000,0x00000000c389f910,0x00000000c5d80000)
 Metaspace       used 8243K, capacity 8376K, committed 8448K, reserved 1056768K
  class space    used 906K, capacity 963K, committed 1024K, reserved 1048576K
}
Event: 2,611 GC heap before
{Heap before GC invocations=7 (full 0):
 PSYoungGen      total 68096K, used 66624K [0x00000000ebc00000, 0x00000000f0400000, 0x0000000100000000)
  eden space 63488K, 100% used [0x00000000ebc00000,0x00000000efa00000,0x00000000efa00000)
  from space 4608K, 68% used [0x00000000eff80000,0x00000000f0290020,0x00000000f0400000)
  to   space 5120K, 0% used [0x00000000efa00000,0x00000000efa00000,0x00000000eff00000)
 ParOldGen       total 42496K, used 4734K [0x00000000c3400000, 0x00000000c5d80000, 0x00000000ebc00000)
  object space 42496K, 11% used [0x00000000c3400000,0x00000000c389f910,0x00000000c5d80000)
 Metaspace       used 8243K, capacity 8376K, committed 8448K, reserved 1056768K
  class space    used 906K, capacity 963K, committed 1024K, reserved 1048576K
Event: 2,764 GC heap after
Heap after GC invocations=7 (full 0):
 PSYoungGen      total 68608K, used 2336K [0x00000000ebc00000, 0x00000000f4200000, 0x0000000100000000)
  eden space 63488K, 0% used [0x00000000ebc00000,0x00000000ebc00000,0x00000000efa00000)
  from space 5120K, 45% used [0x00000000efa00000,0x00000000efc48000,0x00000000eff00000)
  to   space 5120K, 0% used [0x00000000f3d00000,0x00000000f3d00000,0x00000000f4200000)
 ParOldGen       total 42496K, used 6694K [0x00000000c3400000, 0x00000000c5d80000, 0x00000000ebc00000)
  object space 42496K, 15% used [0x00000000c3400000,0x00000000c3a89960,0x00000000c5d80000)
 Metaspace       used 8243K, capacity 8376K, committed 8448K, reserved 1056768K
  class space    used 906K, capacity 963K, committed 1024K, reserved 1048576K
}
Event: 2,831 GC heap before
{Heap before GC invocations=8 (full 0):
 PSYoungGen      total 68608K, used 65824K [0x00000000ebc00000, 0x00000000f4200000, 0x0000000100000000)
  eden space 63488K, 100% used [0x00000000ebc00000,0x00000000efa00000,0x00000000efa00000)
  from space 5120K, 45% used [0x00000000efa00000,0x00000000efc48000,0x00000000eff00000)
  to   space 5120K, 0% used [0x00000000f3d00000,0x00000000f3d00000,0x00000000f4200000)
 ParOldGen       total 42496K, used 6694K [0x00000000c3400000, 0x00000000c5d80000, 0x00000000ebc00000)
  object space 42496K, 15% used [0x00000000c3400000,0x00000000c3a89960,0x00000000c5d80000)
 Metaspace       used 8243K, capacity 8376K, committed 8448K, reserved 1056768K
  class space    used 906K, capacity 963K, committed 1024K, reserved 1048576K
Event: 2,853 GC heap after
Heap after GC invocations=8 (full 0):
 PSYoungGen      total 132096K, used 3264K [0x00000000ebc00000, 0x00000000f4200000, 0x0000000100000000)
  eden space 126976K, 0% used [0x00000000ebc00000,0x00000000ebc00000,0x00000000f3800000)
  from space 5120K, 63% used [0x00000000f3d00000,0x00000000f4030000,0x00000000f4200000)
  to   space 5120K, 0% used [0x00000000f3800000,0x00000000f3800000,0x00000000f3d00000)
 ParOldGen       total 42496K, used 7046K [0x00000000c3400000, 0x00000000c5d80000, 0x00000000ebc00000)
  object space 42496K, 16% used [0x00000000c3400000,0x00000000c3ae1960,0x00000000c5d80000)
 Metaspace       used 8243K, capacity 8376K, committed 8448K, reserved 1056768K
  class space    used 906K, capacity 963K, committed 1024K, reserved 1048576K
}
Event: 3,070 GC heap before
{Heap before GC invocations=9 (full 0):
 PSYoungGen      total 132096K, used 130240K [0x00000000ebc00000, 0x00000000f4200000, 0x0000000100000000)
  eden space 126976K, 100% used [0x00000000ebc00000,0x00000000f3800000,0x00000000f3800000)
  from space 5120K, 63% used [0x00000000f3d00000,0x00000000f4030000,0x00000000f4200000)
  to   space 5120K, 0% used [0x00000000f3800000,0x00000000f3800000,0x00000000f3d00000)
 ParOldGen       total 42496K, used 7046K [0x00000000c3400000, 0x00000000c5d80000, 0x00000000ebc00000)
  object space 42496K, 16% used [0x00000000c3400000,0x00000000c3ae1960,0x00000000c5d80000)
 Metaspace       used 8243K, capacity 8376K, committed 8448K, reserved 1056768K
  class space    used 906K, capacity 963K, committed 1024K, reserved 1048576K
Event: 3,107 GC heap after
Heap after GC invocations=9 (full 0):
 PSYoungGen      total 132096K, used 4576K [0x00000000ebc00000, 0x00000000f8d80000, 0x0000000100000000)
  eden space 126976K, 0% used [0x00000000ebc00000,0x00000000ebc00000,0x00000000f3800000)
  from space 5120K, 89% used [0x00000000f3800000,0x00000000f3c78000,0x00000000f3d00000)
  to   space 5632K, 0% used [0x00000000f8800000,0x00000000f8800000,0x00000000f8d80000)
 ParOldGen       total 42496K, used 7822K [0x00000000c3400000, 0x00000000c5d80000, 0x00000000ebc00000)
  object space 42496K, 18% used [0x00000000c3400000,0x00000000c3ba3960,0x00000000c5d80000)
 Metaspace       used 8243K, capacity 8376K, committed 8448K, reserved 1056768K
  class space    used 906K, capacity 963K, committed 1024K, reserved 1048576K
}
Event: 3,220 GC heap before
{Heap before GC invocations=10 (full 0):
 PSYoungGen      total 132096K, used 131552K [0x00000000ebc00000, 0x00000000f8d80000, 0x0000000100000000)
  eden space 126976K, 100% used [0x00000000ebc00000,0x00000000f3800000,0x00000000f3800000)
  from space 5120K, 89% used [0x00000000f3800000,0x00000000f3c78000,0x00000000f3d00000)
  to   space 5632K, 0% used [0x00000000f8800000,0x00000000f8800000,0x00000000f8d80000)
 ParOldGen       total 42496K, used 7822K [0x00000000c3400000, 0x00000000c5d80000, 0x00000000ebc00000)
  object space 42496K, 18% used [0x00000000c3400000,0x00000000c3ba3960,0x00000000c5d80000)
 Metaspace       used 8244K, capacity 8376K, committed 8448K, reserved 1056768K
  class space    used 906K, capacity 963K, committed 1024K, reserved 1048576K
Event: 3,261 GC heap after
Heap after GC invocations=10 (full 0):
 PSYoungGen      total 208896K, used 4544K [0x00000000ebc00000, 0x00000000f8d80000, 0x0000000100000000)
  eden space 203264K, 0% used [0x00000000ebc00000,0x00000000ebc00000,0x00000000f8280000)
  from space 5632K, 80% used [0x00000000f8800000,0x00000000f8c70000,0x00000000f8d80000)
  to   space 5632K, 0% used [0x00000000f8280000,0x00000000f8280000,0x00000000f8800000)
 ParOldGen       total 42496K, used 10094K [0x00000000c3400000, 0x00000000c5d80000, 0x00000000ebc00000)
  object space 42496K, 23% used [0x00000000c3400000,0x00000000c3ddb960,0x00000000c5d80000)
 Metaspace       used 8244K, capacity 8376K, committed 8448K, reserved 1056768K
  class space    used 906K, capacity 963K, committed 1024K, reserved 1048576K
}
Event: 3,842 GC heap before
{Heap before GC invocations=11 (full 0):
 PSYoungGen      total 208896K, used 207808K [0x00000000ebc00000, 0x00000000f8d80000, 0x0000000100000000)
  eden space 203264K, 100% used [0x00000000ebc00000,0x00000000f8280000,0x00000000f8280000)
  from space 5632K, 80% used [0x00000000f8800000,0x00000000f8c70000,0x00000000f8d80000)
  to   space 5632K, 0% used [0x00000000f8280000,0x00000000f8280000,0x00000000f8800000)
 ParOldGen       total 42496K, used 10094K [0x00000000c3400000, 0x00000000c5d80000, 0x00000000ebc00000)
  object space 42496K, 23% used [0x00000000c3400000,0x00000000c3ddb960,0x00000000c5d80000)
 Metaspace       used 8260K, capacity 8376K, committed 8448K, reserved 1056768K
  class space    used 906K, capacity 963K, committed 1024K, reserved 1048576K

