# JRE version: Java(TM) SE Runtime Environment (8.0_45-b14) (build 1.8.0_45-b14)
# Java VM: Java HotSpot(TM) 64-Bit Server VM (25.45-b02 mixed mode linux-amd64 compressed oops)
Heap:
 PSYoungGen      total 132096K, used 4608K [0x00000000ebc00000, 0x00000000f4200000, 0x0000000100000000)
  eden space 126976K, 0% used [0x00000000ebc00000,0x00000000ebc00000,0x00000000f3800000)
  from space 5120K, 90% used [0x00000000f3800000,0x00000000f3c80000,0x00000000f3d00000)
  to   space 4608K, 0% used [0x00000000f3d80000,0x00000000f3d80000,0x00000000f4200000)
 ParOldGen       total 42496K, used 6659K [0x00000000c3400000, 0x00000000c5d80000, 0x00000000ebc00000)
  object space 42496K, 15% used [0x00000000c3400000,0x00000000c3a80c90,0x00000000c5d80000)
 Metaspace       used 8203K, capacity 8376K, committed 8448K, reserved 1056768K
  class space    used 905K, capacity 963K, committed 1024K, reserved 1048576K
GC Heap History (10 events):
Event: 7,437 GC heap after
Heap after GC invocations=4 (full 0):
 PSYoungGen      total 34304K, used 2544K [0x00000000ebc00000, 0x00000000ee000000, 0x0000000100000000)
  eden space 31744K, 0% used [0x00000000ebc00000,0x00000000ebc00000,0x00000000edb00000)
  from space 2560K, 99% used [0x00000000edd80000,0x00000000edffc010,0x00000000ee000000)
  to   space 2560K, 0% used [0x00000000edb00000,0x00000000edb00000,0x00000000edd80000)
 ParOldGen       total 42496K, used 3478K [0x00000000c3400000, 0x00000000c5d80000, 0x00000000ebc00000)
  object space 42496K, 8% used [0x00000000c3400000,0x00000000c37658f8,0x00000000c5d80000)
 Metaspace       used 8201K, capacity 8376K, committed 8448K, reserved 1056768K
  class space    used 905K, capacity 963K, committed 1024K, reserved 1048576K
}
Event: 7,471 GC heap before
{Heap before GC invocations=5 (full 0):
 PSYoungGen      total 34304K, used 34288K [0x00000000ebc00000, 0x00000000ee000000, 0x0000000100000000)
  eden space 31744K, 100% used [0x00000000ebc00000,0x00000000edb00000,0x00000000edb00000)
  from space 2560K, 99% used [0x00000000edd80000,0x00000000edffc010,0x00000000ee000000)
  to   space 2560K, 0% used [0x00000000edb00000,0x00000000edb00000,0x00000000edd80000)
 ParOldGen       total 42496K, used 3478K [0x00000000c3400000, 0x00000000c5d80000, 0x00000000ebc00000)
  object space 42496K, 8% used [0x00000000c3400000,0x00000000c37658f8,0x00000000c5d80000)
 Metaspace       used 8201K, capacity 8376K, committed 8448K, reserved 1056768K
  class space    used 905K, capacity 963K, committed 1024K, reserved 1048576K
Event: 7,478 GC heap after
Heap after GC invocations=5 (full 0):
 PSYoungGen      total 34304K, used 2528K [0x00000000ebc00000, 0x00000000f0500000, 0x0000000100000000)
  eden space 31744K, 0% used [0x00000000ebc00000,0x00000000ebc00000,0x00000000edb00000)
  from space 2560K, 98% used [0x00000000edb00000,0x00000000edd78020,0x00000000edd80000)
  to   space 5632K, 0% used [0x00000000eff80000,0x00000000eff80000,0x00000000f0500000)
 ParOldGen       total 42496K, used 3582K [0x00000000c3400000, 0x00000000c5d80000, 0x00000000ebc00000)
  object space 42496K, 8% used [0x00000000c3400000,0x00000000c377f8f8,0x00000000c5d80000)
 Metaspace       used 8201K, capacity 8376K, committed 8448K, reserved 1056768K
  class space    used 905K, capacity 963K, committed 1024K, reserved 1048576K
}
Event: 7,565 GC heap before
{Heap before GC invocations=6 (full 0):
 PSYoungGen      total 34304K, used 34272K [0x00000000ebc00000, 0x00000000f0500000, 0x0000000100000000)
  eden space 31744K, 100% used [0x00000000ebc00000,0x00000000edb00000,0x00000000edb00000)
  from space 2560K, 98% used [0x00000000edb00000,0x00000000edd78020,0x00000000edd80000)
  to   space 5632K, 0% used [0x00000000eff80000,0x00000000eff80000,0x00000000f0500000)
 ParOldGen       total 42496K, used 3582K [0x00000000c3400000, 0x00000000c5d80000, 0x00000000ebc00000)
  object space 42496K, 8% used [0x00000000c3400000,0x00000000c377f8f8,0x00000000c5d80000)
 Metaspace       used 8202K, capacity 8376K, committed 8448K, reserved 1056768K
  class space    used 905K, capacity 963K, committed 1024K, reserved 1048576K
Event: 7,571 GC heap after
Heap after GC invocations=6 (full 0):
 PSYoungGen      total 69120K, used 3216K [0x00000000ebc00000, 0x00000000f0500000, 0x0000000100000000)
  eden space 63488K, 0% used [0x00000000ebc00000,0x00000000ebc00000,0x00000000efa00000)
  from space 5632K, 57% used [0x00000000eff80000,0x00000000f02a4030,0x00000000f0500000)
  to   space 5632K, 0% used [0x00000000efa00000,0x00000000efa00000,0x00000000eff80000)
 ParOldGen       total 42496K, used 3582K [0x00000000c3400000, 0x00000000c5d80000, 0x00000000ebc00000)
  object space 42496K, 8% used [0x00000000c3400000,0x00000000c377f8f8,0x00000000c5d80000)
 Metaspace       used 8202K, capacity 8376K, committed 8448K, reserved 1056768K
  class space    used 905K, capacity 963K, committed 1024K, reserved 1048576K
}
Event: 7,654 GC heap before
{Heap before GC invocations=7 (full 0):
 PSYoungGen      total 69120K, used 66704K [0x00000000ebc00000, 0x00000000f0500000, 0x0000000100000000)
  eden space 63488K, 100% used [0x00000000ebc00000,0x00000000efa00000,0x00000000efa00000)
  from space 5632K, 57% used [0x00000000eff80000,0x00000000f02a4030,0x00000000f0500000)
  to   space 5632K, 0% used [0x00000000efa00000,0x00000000efa00000,0x00000000eff80000)
 ParOldGen       total 42496K, used 3582K [0x00000000c3400000, 0x00000000c5d80000, 0x00000000ebc00000)
  object space 42496K, 8% used [0x00000000c3400000,0x00000000c377f8f8,0x00000000c5d80000)
 Metaspace       used 8202K, capacity 8376K, committed 8448K, reserved 1056768K
  class space    used 905K, capacity 963K, committed 1024K, reserved 1048576K
Event: 7,686 GC heap after
Heap after GC invocations=7 (full 0):
 PSYoungGen      total 69120K, used 2016K [0x00000000ebc00000, 0x00000000f4300000, 0x0000000100000000)
  eden space 63488K, 0% used [0x00000000ebc00000,0x00000000ebc00000,0x00000000efa00000)
  from space 5632K, 35% used [0x00000000efa00000,0x00000000efbf8000,0x00000000eff80000)
  to   space 5632K, 0% used [0x00000000f3d80000,0x00000000f3d80000,0x00000000f4300000)
 ParOldGen       total 42496K, used 5859K [0x00000000c3400000, 0x00000000c5d80000, 0x00000000ebc00000)
  object space 42496K, 13% used [0x00000000c3400000,0x00000000c39b8c90,0x00000000c5d80000)
 Metaspace       used 8202K, capacity 8376K, committed 8448K, reserved 1056768K
  class space    used 905K, capacity 963K, committed 1024K, reserved 1048576K
}
Event: 7,777 GC heap before
{Heap before GC invocations=8 (full 0):
 PSYoungGen      total 69120K, used 65504K [0x00000000ebc00000, 0x00000000f4300000, 0x0000000100000000)
  eden space 63488K, 100% used [0x00000000ebc00000,0x00000000efa00000,0x00000000efa00000)
  from space 5632K, 35% used [0x00000000efa00000,0x00000000efbf8000,0x00000000eff80000)
  to   space 5632K, 0% used [0x00000000f3d80000,0x00000000f3d80000,0x00000000f4300000)
 ParOldGen       total 42496K, used 5859K [0x00000000c3400000, 0x00000000c5d80000, 0x00000000ebc00000)
  object space 42496K, 13% used [0x00000000c3400000,0x00000000c39b8c90,0x00000000c5d80000)
 Metaspace       used 8203K, capacity 8376K, committed 8448K, reserved 1056768K
  class space    used 905K, capacity 963K, committed 1024K, reserved 1048576K
Event: 7,802 GC heap after
Heap after GC invocations=8 (full 0):
 PSYoungGen      total 131584K, used 3008K [0x00000000ebc00000, 0x00000000f4200000, 0x0000000100000000)
  eden space 126976K, 0% used [0x00000000ebc00000,0x00000000ebc00000,0x00000000f3800000)
  from space 4608K, 65% used [0x00000000f3d80000,0x00000000f4070000,0x00000000f4200000)
  to   space 5120K, 0% used [0x00000000f3800000,0x00000000f3800000,0x00000000f3d00000)
 ParOldGen       total 42496K, used 5963K [0x00000000c3400000, 0x00000000c5d80000, 0x00000000ebc00000)
  object space 42496K, 14% used [0x00000000c3400000,0x00000000c39d2c90,0x00000000c5d80000)
 Metaspace       used 8203K, capacity 8376K, committed 8448K, reserved 1056768K
  class space    used 905K, capacity 963K, committed 1024K, reserved 1048576K
}
Event: 7,971 GC heap before
{Heap before GC invocations=9 (full 0):
 PSYoungGen      total 131584K, used 129984K [0x00000000ebc00000, 0x00000000f4200000, 0x0000000100000000)
  eden space 126976K, 100% used [0x00000000ebc00000,0x00000000f3800000,0x00000000f3800000)
  from space 4608K, 65% used [0x00000000f3d80000,0x00000000f4070000,0x00000000f4200000)
  to   space 5120K, 0% used [0x00000000f3800000,0x00000000f3800000,0x00000000f3d00000)
 ParOldGen       total 42496K, used 5963K [0x00000000c3400000, 0x00000000c5d80000, 0x00000000ebc00000)
  object space 42496K, 14% used [0x00000000c3400000,0x00000000c39d2c90,0x00000000c5d80000)
 Metaspace       used 8203K, capacity 8376K, committed 8448K, reserved 1056768K
  class space    used 905K, capacity 963K, committed 1024K, reserved 1048576K

