# JRE version: Java(TM) SE Runtime Environment (8.0_45-b14) (build 1.8.0_45-b14)
# Java VM: Java HotSpot(TM) 64-Bit Server VM (25.45-b02 mixed mode linux-amd64 compressed oops)
Heap:
 PSYoungGen      total 208896K, used 2240K [0x00000000ebc00000, 0x00000000f8d80000, 0x0000000100000000)
  eden space 203264K, 0% used [0x00000000ebc00000,0x00000000ebc00000,0x00000000f8280000)
  from space 5632K, 39% used [0x00000000f8280000,0x00000000f84b0000,0x00000000f8800000)
  to   space 5632K, 0% used [0x00000000f8800000,0x00000000f8800000,0x00000000f8d80000)
 ParOldGen       total 42496K, used 14451K [0x00000000c3400000, 0x00000000c5d80000, 0x00000000ebc00000)
  object space 42496K, 34% used [0x00000000c3400000,0x00000000c421ccc8,0x00000000c5d80000)
 Metaspace       used 8227K, capacity 8376K, committed 8448K, reserved 1056768K
  class space    used 906K, capacity 963K, committed 1024K, reserved 1048576K
GC Heap History (10 events):
Event: 3,300 GC heap after
Heap after GC invocations=6 (full 0):
 PSYoungGen      total 68096K, used 3168K [0x00000000ebc00000, 0x00000000f0400000, 0x0000000100000000)
  eden space 63488K, 0% used [0x00000000ebc00000,0x00000000ebc00000,0x00000000efa00000)
  from space 4608K, 68% used [0x00000000eff80000,0x00000000f0298020,0x00000000f0400000)
  to   space 5120K, 0% used [0x00000000efa00000,0x00000000efa00000,0x00000000eff00000)
 ParOldGen       total 42496K, used 4539K [0x00000000c3400000, 0x00000000c5d80000, 0x00000000ebc00000)
  object space 42496K, 10% used [0x00000000c3400000,0x00000000c386ec78,0x00000000c5d80000)
 Metaspace       used 8215K, capacity 8376K, committed 8448K, reserved 1056768K
  class space    used 906K, capacity 963K, committed 1024K, reserved 1048576K
}
Event: 3,470 GC heap before
{Heap before GC invocations=7 (full 0):
 PSYoungGen      total 68096K, used 66656K [0x00000000ebc00000, 0x00000000f0400000, 0x0000000100000000)
  eden space 63488K, 100% used [0x00000000ebc00000,0x00000000efa00000,0x00000000efa00000)
  from space 4608K, 68% used [0x00000000eff80000,0x00000000f0298020,0x00000000f0400000)
  to   space 5120K, 0% used [0x00000000efa00000,0x00000000efa00000,0x00000000eff00000)
 ParOldGen       total 42496K, used 4539K [0x00000000c3400000, 0x00000000c5d80000, 0x00000000ebc00000)
  object space 42496K, 10% used [0x00000000c3400000,0x00000000c386ec78,0x00000000c5d80000)
 Metaspace       used 8215K, capacity 8376K, committed 8448K, reserved 1056768K
  class space    used 906K, capacity 963K, committed 1024K, reserved 1048576K
Event: 3,483 GC heap after
Heap after GC invocations=7 (full 0):
 PSYoungGen      total 68608K, used 2432K [0x00000000ebc00000, 0x00000000f4200000, 0x0000000100000000)
  eden space 63488K, 0% used [0x00000000ebc00000,0x00000000ebc00000,0x00000000efa00000)
  from space 5120K, 47% used [0x00000000efa00000,0x00000000efc60000,0x00000000eff00000)
  to   space 5120K, 0% used [0x00000000f3d00000,0x00000000f3d00000,0x00000000f4200000)
 ParOldGen       total 42496K, used 6403K [0x00000000c3400000, 0x00000000c5d80000, 0x00000000ebc00000)
  object space 42496K, 15% used [0x00000000c3400000,0x00000000c3a40cc8,0x00000000c5d80000)
 Metaspace       used 8215K, capacity 8376K, committed 8448K, reserved 1056768K
  class space    used 906K, capacity 963K, committed 1024K, reserved 1048576K
}
Event: 3,535 GC heap before
{Heap before GC invocations=8 (full 0):
 PSYoungGen      total 68608K, used 65920K [0x00000000ebc00000, 0x00000000f4200000, 0x0000000100000000)
  eden space 63488K, 100% used [0x00000000ebc00000,0x00000000efa00000,0x00000000efa00000)
  from space 5120K, 47% used [0x00000000efa00000,0x00000000efc60000,0x00000000eff00000)
  to   space 5120K, 0% used [0x00000000f3d00000,0x00000000f3d00000,0x00000000f4200000)
 ParOldGen       total 42496K, used 6403K [0x00000000c3400000, 0x00000000c5d80000, 0x00000000ebc00000)
  object space 42496K, 15% used [0x00000000c3400000,0x00000000c3a40cc8,0x00000000c5d80000)
 Metaspace       used 8215K, capacity 8376K, committed 8448K, reserved 1056768K
  class space    used 906K, capacity 963K, committed 1024K, reserved 1048576K
Event: 3,553 GC heap after
Heap after GC invocations=8 (full 0):
 PSYoungGen      total 132096K, used 3264K [0x00000000ebc00000, 0x00000000f4200000, 0x0000000100000000)
  eden space 126976K, 0% used [0x00000000ebc00000,0x00000000ebc00000,0x00000000f3800000)
  from space 5120K, 63% used [0x00000000f3d00000,0x00000000f4030000,0x00000000f4200000)
  to   space 5120K, 0% used [0x00000000f3800000,0x00000000f3800000,0x00000000f3d00000)
 ParOldGen       total 42496K, used 6771K [0x00000000c3400000, 0x00000000c5d80000, 0x00000000ebc00000)
  object space 42496K, 15% used [0x00000000c3400000,0x00000000c3a9ccc8,0x00000000c5d80000)
 Metaspace       used 8215K, capacity 8376K, committed 8448K, reserved 1056768K
  class space    used 906K, capacity 963K, committed 1024K, reserved 1048576K
}
Event: 3,723 GC heap before
{Heap before GC invocations=9 (full 0):
 PSYoungGen      total 132096K, used 130240K [0x00000000ebc00000, 0x00000000f4200000, 0x0000000100000000)
  eden space 126976K, 100% used [0x00000000ebc00000,0x00000000f3800000,0x00000000f3800000)
  from space 5120K, 63% used [0x00000000f3d00000,0x00000000f4030000,0x00000000f4200000)
  to   space 5120K, 0% used [0x00000000f3800000,0x00000000f3800000,0x00000000f3d00000)
 ParOldGen       total 42496K, used 6771K [0x00000000c3400000, 0x00000000c5d80000, 0x00000000ebc00000)
  object space 42496K, 15% used [0x00000000c3400000,0x00000000c3a9ccc8,0x00000000c5d80000)
 Metaspace       used 8215K, capacity 8376K, committed 8448K, reserved 1056768K
  class space    used 906K, capacity 963K, committed 1024K, reserved 1048576K
Event: 3,747 GC heap after
Heap after GC invocations=9 (full 0):
 PSYoungGen      total 132096K, used 4512K [0x00000000ebc00000, 0x00000000f8d80000, 0x0000000100000000)
  eden space 126976K, 0% used [0x00000000ebc00000,0x00000000ebc00000,0x00000000f3800000)
  from space 5120K, 88% used [0x00000000f3800000,0x00000000f3c68000,0x00000000f3d00000)
  to   space 5632K, 0% used [0x00000000f8800000,0x00000000f8800000,0x00000000f8d80000)
 ParOldGen       total 42496K, used 7667K [0x00000000c3400000, 0x00000000c5d80000, 0x00000000ebc00000)
  object space 42496K, 18% used [0x00000000c3400000,0x00000000c3b7ccc8,0x00000000c5d80000)
 Metaspace       used 8215K, capacity 8376K, committed 8448K, reserved 1056768K
  class space    used 906K, capacity 963K, committed 1024K, reserved 1048576K
}
Event: 3,897 GC heap before
{Heap before GC invocations=10 (full 0):
 PSYoungGen      total 132096K, used 131488K [0x00000000ebc00000, 0x00000000f8d80000, 0x0000000100000000)
  eden space 126976K, 100% used [0x00000000ebc00000,0x00000000f3800000,0x00000000f3800000)
  from space 5120K, 88% used [0x00000000f3800000,0x00000000f3c68000,0x00000000f3d00000)
  to   space 5632K, 0% used [0x00000000f8800000,0x00000000f8800000,0x00000000f8d80000)
 ParOldGen       total 42496K, used 7667K [0x00000000c3400000, 0x00000000c5d80000, 0x00000000ebc00000)
  object space 42496K, 18% used [0x00000000c3400000,0x00000000c3b7ccc8,0x00000000c5d80000)
 Metaspace       used 8215K, capacity 8376K, committed 8448K, reserved 1056768K
  class space    used 906K, capacity 963K, committed 1024K, reserved 1048576K
Event: 3,930 GC heap after
Heap after GC invocations=10 (full 0):
 PSYoungGen      total 208896K, used 4576K [0x00000000ebc00000, 0x00000000f8d80000, 0x0000000100000000)
  eden space 203264K, 0% used [0x00000000ebc00000,0x00000000ebc00000,0x00000000f8280000)
  from space 5632K, 81% used [0x00000000f8800000,0x00000000f8c78000,0x00000000f8d80000)
  to   space 5632K, 0% used [0x00000000f8280000,0x00000000f8280000,0x00000000f8800000)
 ParOldGen       total 42496K, used 9939K [0x00000000c3400000, 0x00000000c5d80000, 0x00000000ebc00000)
  object space 42496K, 23% used [0x00000000c3400000,0x00000000c3db4cc8,0x00000000c5d80000)
 Metaspace       used 8215K, capacity 8376K, committed 8448K, reserved 1056768K
  class space    used 906K, capacity 963K, committed 1024K, reserved 1048576K
}
Event: 4,474 GC heap before
{Heap before GC invocations=11 (full 0):
 PSYoungGen      total 208896K, used 207840K [0x00000000ebc00000, 0x00000000f8d80000, 0x0000000100000000)
  eden space 203264K, 100% used [0x00000000ebc00000,0x00000000f8280000,0x00000000f8280000)
  from space 5632K, 81% used [0x00000000f8800000,0x00000000f8c78000,0x00000000f8d80000)
  to   space 5632K, 0% used [0x00000000f8280000,0x00000000f8280000,0x00000000f8800000)
 ParOldGen       total 42496K, used 9939K [0x00000000c3400000, 0x00000000c5d80000, 0x00000000ebc00000)
  object space 42496K, 23% used [0x00000000c3400000,0x00000000c3db4cc8,0x00000000c5d80000)
 Metaspace       used 8227K, capacity 8376K, committed 8448K, reserved 1056768K
  class space    used 906K, capacity 963K, committed 1024K, reserved 1048576K

